2025/08/21 11:04:19 [warn] 1#1: the "listen ... http2" directive is deprecated, use the "http2" directive instead in /etc/nginx/conf.d/default.conf:12
2025/08/21 11:04:19 [notice] 1#1: using the "epoll" event method
2025/08/21 11:04:19 [notice] 1#1: nginx/1.28.0
2025/08/21 11:04:19 [notice] 1#1: built by gcc 14.2.0 (Alpine 14.2.0) 
2025/08/21 11:04:19 [notice] 1#1: OS: Linux 6.8.0-71-generic
2025/08/21 11:04:19 [notice] 1#1: getrlimit(RLIMIT_NOFILE): 1048576:1048576
2025/08/21 11:04:19 [notice] 1#1: start worker processes
2025/08/21 11:04:19 [notice] 1#1: start worker process 29
2025/08/21 11:04:19 [notice] 1#1: start worker process 30
2025/08/21 11:04:19 [notice] 1#1: start worker process 31
2025/08/21 11:04:19 [notice] 1#1: start worker process 32
2025/08/21 11:04:50 [notice] 1#1: signal 3 (SIGQUIT) received, shutting down
2025/08/21 11:04:50 [notice] 29#29: gracefully shutting down
2025/08/21 11:04:50 [notice] 30#30: gracefully shutting down
2025/08/21 11:04:50 [notice] 29#29: exiting
2025/08/21 11:04:50 [notice] 31#31: gracefully shutting down
2025/08/21 11:04:50 [notice] 30#30: exiting
2025/08/21 11:04:50 [notice] 31#31: exiting
2025/08/21 11:04:50 [notice] 32#32: gracefully shutting down
2025/08/21 11:04:50 [notice] 32#32: exiting
2025/08/21 11:04:50 [notice] 29#29: exit
2025/08/21 11:04:50 [notice] 30#30: exit
2025/08/21 11:04:50 [notice] 32#32: exit
2025/08/21 11:04:50 [notice] 31#31: exit
2025/08/21 11:04:50 [notice] 1#1: signal 17 (SIGCHLD) received from 29
2025/08/21 11:04:50 [notice] 1#1: worker process 29 exited with code 0
2025/08/21 11:04:50 [notice] 1#1: signal 29 (SIGIO) received
2025/08/21 11:04:50 [notice] 1#1: signal 17 (SIGCHLD) received from 32
2025/08/21 11:04:50 [notice] 1#1: worker process 32 exited with code 0
2025/08/21 11:04:50 [notice] 1#1: signal 29 (SIGIO) received
2025/08/21 11:04:50 [notice] 1#1: signal 17 (SIGCHLD) received from 30
2025/08/21 11:04:50 [notice] 1#1: worker process 30 exited with code 0
2025/08/21 11:04:50 [notice] 1#1: worker process 31 exited with code 0
2025/08/21 11:04:50 [notice] 1#1: exit
2025/08/21 11:11:28 [warn] 1#1: the "listen ... http2" directive is deprecated, use the "http2" directive instead in /etc/nginx/conf.d/default.conf:12
2025/08/21 11:11:28 [notice] 1#1: using the "epoll" event method
2025/08/21 11:11:28 [notice] 1#1: nginx/1.28.0
2025/08/21 11:11:28 [notice] 1#1: built by gcc 14.2.0 (Alpine 14.2.0) 
2025/08/21 11:11:28 [notice] 1#1: OS: Linux 6.8.0-71-generic
2025/08/21 11:11:28 [notice] 1#1: getrlimit(RLIMIT_NOFILE): 1048576:1048576
2025/08/21 11:11:28 [notice] 1#1: start worker processes
2025/08/21 11:11:28 [notice] 1#1: start worker process 29
2025/08/21 11:11:28 [notice] 1#1: start worker process 30
2025/08/21 11:11:28 [notice] 1#1: start worker process 31
2025/08/21 11:11:28 [notice] 1#1: start worker process 32
2025/08/21 11:12:28 [notice] 1#1: signal 3 (SIGQUIT) received, shutting down
2025/08/21 11:12:28 [notice] 30#30: gracefully shutting down
2025/08/21 11:12:28 [notice] 32#32: gracefully shutting down
2025/08/21 11:12:28 [notice] 31#31: gracefully shutting down
2025/08/21 11:12:28 [notice] 29#29: gracefully shutting down
2025/08/21 11:12:28 [notice] 32#32: exiting
2025/08/21 11:12:28 [notice] 30#30: exiting
2025/08/21 11:12:28 [notice] 31#31: exiting
2025/08/21 11:12:28 [notice] 29#29: exiting
2025/08/21 11:12:28 [notice] 32#32: exit
2025/08/21 11:12:28 [notice] 30#30: exit
2025/08/21 11:12:28 [notice] 31#31: exit
2025/08/21 11:12:28 [notice] 29#29: exit
2025/08/21 11:12:28 [notice] 1#1: signal 17 (SIGCHLD) received from 31
2025/08/21 11:12:28 [notice] 1#1: worker process 31 exited with code 0
2025/08/21 11:12:28 [notice] 1#1: signal 29 (SIGIO) received
2025/08/21 11:12:28 [notice] 1#1: signal 17 (SIGCHLD) received from 32
2025/08/21 11:12:28 [notice] 1#1: worker process 32 exited with code 0
2025/08/21 11:12:28 [notice] 1#1: signal 29 (SIGIO) received
2025/08/21 11:12:28 [notice] 1#1: signal 17 (SIGCHLD) received from 29
2025/08/21 11:12:28 [notice] 1#1: worker process 29 exited with code 0
2025/08/21 11:12:28 [notice] 1#1: signal 17 (SIGCHLD) received from 30
2025/08/21 11:12:28 [notice] 1#1: worker process 30 exited with code 0
2025/08/21 11:12:28 [notice] 1#1: exit
2025/08/21 11:12:36 [warn] 1#1: the "listen ... http2" directive is deprecated, use the "http2" directive instead in /etc/nginx/conf.d/default.conf:12
2025/08/21 11:12:36 [notice] 1#1: using the "epoll" event method
2025/08/21 11:12:36 [notice] 1#1: nginx/1.28.0
2025/08/21 11:12:36 [notice] 1#1: built by gcc 14.2.0 (Alpine 14.2.0) 
2025/08/21 11:12:36 [notice] 1#1: OS: Linux 6.8.0-71-generic
2025/08/21 11:12:36 [notice] 1#1: getrlimit(RLIMIT_NOFILE): 1048576:1048576
2025/08/21 11:12:36 [notice] 1#1: start worker processes
2025/08/21 11:12:36 [notice] 1#1: start worker process 29
2025/08/21 11:12:36 [notice] 1#1: start worker process 30
2025/08/21 11:12:36 [notice] 1#1: start worker process 31
2025/08/21 11:12:36 [notice] 1#1: start worker process 32
2025/08/21 11:13:19 [error] 29#29: *3 open() "/usr/share/nginx/html/favicon.ico" failed (2: No such file or directory), client: 10.121.42.48, server: vcd-public-ips.t-cloud.kz, request: "GET /favicon.ico HTTP/2.0", host: "vcd-public-ips.t-cloud.kz", referrer: "https://vcd-public-ips.t-cloud.kz/"
2025/08/21 11:16:00 [notice] 1#1: signal 3 (SIGQUIT) received, shutting down
2025/08/21 11:16:00 [notice] 29#29: gracefully shutting down
2025/08/21 11:16:00 [notice] 30#30: gracefully shutting down
2025/08/21 11:16:00 [notice] 32#32: gracefully shutting down
2025/08/21 11:16:00 [notice] 31#31: gracefully shutting down
2025/08/21 11:16:00 [notice] 29#29: exiting
2025/08/21 11:16:00 [notice] 32#32: exiting
2025/08/21 11:16:00 [notice] 31#31: exiting
2025/08/21 11:16:00 [notice] 30#30: exiting
2025/08/21 11:16:00 [notice] 29#29: exit
2025/08/21 11:16:00 [notice] 32#32: exit
2025/08/21 11:16:00 [notice] 31#31: exit
2025/08/21 11:16:00 [notice] 30#30: exit
2025/08/21 11:16:01 [notice] 1#1: signal 17 (SIGCHLD) received from 31
2025/08/21 11:16:01 [notice] 1#1: worker process 31 exited with code 0
2025/08/21 11:16:01 [notice] 1#1: signal 29 (SIGIO) received
2025/08/21 11:16:01 [notice] 1#1: signal 17 (SIGCHLD) received from 29
2025/08/21 11:16:01 [notice] 1#1: worker process 29 exited with code 0
2025/08/21 11:16:01 [notice] 1#1: signal 29 (SIGIO) received
2025/08/21 11:16:01 [notice] 1#1: signal 17 (SIGCHLD) received from 30
2025/08/21 11:16:01 [notice] 1#1: worker process 30 exited with code 0
2025/08/21 11:16:01 [notice] 1#1: signal 29 (SIGIO) received
2025/08/21 11:16:01 [notice] 1#1: signal 17 (SIGCHLD) received from 32
2025/08/21 11:16:01 [notice] 1#1: worker process 32 exited with code 0
2025/08/21 11:16:01 [notice] 1#1: exit
2025/08/21 11:16:01 [warn] 1#1: the "listen ... http2" directive is deprecated, use the "http2" directive instead in /etc/nginx/conf.d/default.conf:12
2025/08/21 11:16:01 [notice] 1#1: using the "epoll" event method
2025/08/21 11:16:01 [notice] 1#1: nginx/1.28.0
2025/08/21 11:16:01 [notice] 1#1: built by gcc 14.2.0 (Alpine 14.2.0) 
2025/08/21 11:16:01 [notice] 1#1: OS: Linux 6.8.0-71-generic
2025/08/21 11:16:01 [notice] 1#1: getrlimit(RLIMIT_NOFILE): 1048576:1048576
2025/08/21 11:16:01 [notice] 1#1: start worker processes
2025/08/21 11:16:01 [notice] 1#1: start worker process 29
2025/08/21 11:16:01 [notice] 1#1: start worker process 30
2025/08/21 11:16:01 [notice] 1#1: start worker process 31
2025/08/21 11:16:01 [notice] 1#1: start worker process 32
2025/08/21 11:16:19 [notice] 1#1: signal 3 (SIGQUIT) received, shutting down
2025/08/21 11:16:19 [notice] 29#29: gracefully shutting down
2025/08/21 11:16:19 [notice] 31#31: gracefully shutting down
2025/08/21 11:16:19 [notice] 30#30: gracefully shutting down
2025/08/21 11:16:19 [notice] 29#29: exiting
2025/08/21 11:16:19 [notice] 31#31: exiting
2025/08/21 11:16:19 [notice] 30#30: exiting
2025/08/21 11:16:19 [notice] 32#32: gracefully shutting down
2025/08/21 11:16:19 [notice] 32#32: exiting
2025/08/21 11:16:19 [notice] 29#29: exit
2025/08/21 11:16:19 [notice] 31#31: exit
2025/08/21 11:16:19 [notice] 30#30: exit
2025/08/21 11:16:19 [notice] 32#32: exit
2025/08/21 11:16:19 [notice] 1#1: signal 17 (SIGCHLD) received from 31
2025/08/21 11:16:19 [notice] 1#1: worker process 31 exited with code 0
2025/08/21 11:16:19 [notice] 1#1: signal 29 (SIGIO) received
2025/08/21 11:16:19 [notice] 1#1: signal 17 (SIGCHLD) received from 30
2025/08/21 11:16:19 [notice] 1#1: worker process 29 exited with code 0
2025/08/21 11:16:19 [notice] 1#1: worker process 30 exited with code 0
2025/08/21 11:16:19 [notice] 1#1: worker process 32 exited with code 0
2025/08/21 11:16:19 [notice] 1#1: exit
2025/08/21 11:17:12 [warn] 1#1: the "listen ... http2" directive is deprecated, use the "http2" directive instead in /etc/nginx/conf.d/default.conf:12
2025/08/21 11:17:12 [notice] 1#1: using the "epoll" event method
2025/08/21 11:17:12 [notice] 1#1: nginx/1.28.0
2025/08/21 11:17:12 [notice] 1#1: built by gcc 14.2.0 (Alpine 14.2.0) 
2025/08/21 11:17:12 [notice] 1#1: OS: Linux 6.8.0-71-generic
2025/08/21 11:17:12 [notice] 1#1: getrlimit(RLIMIT_NOFILE): 1048576:1048576
2025/08/21 11:17:12 [notice] 1#1: start worker processes
2025/08/21 11:17:12 [notice] 1#1: start worker process 29
2025/08/21 11:17:12 [notice] 1#1: start worker process 30
2025/08/21 11:17:12 [notice] 1#1: start worker process 31
2025/08/21 11:17:12 [notice] 1#1: start worker process 32
2025/08/21 11:37:28 [warn] 39#39: the "listen ... http2" directive is deprecated, use the "http2" directive instead in /etc/nginx/conf.d/default.conf:35
2025/08/21 11:37:28 [emerg] 39#39: cannot load certificate "/etc/nginx/ssl/fullchain.pem": BIO_new_file() failed (SSL: error:80000002:system library::No such file or directory:calling fopen(/etc/nginx/ssl/fullchain.pem, r) error:10000080:BIO routines::no such file)
2025/08/21 11:38:59 [warn] 45#45: the "listen ... http2" directive is deprecated, use the "http2" directive instead in /etc/nginx/conf.d/default.conf:35
2025/08/21 11:39:11 [warn] 51#51: the "listen ... http2" directive is deprecated, use the "http2" directive instead in /etc/nginx/conf.d/default.conf:35
2025/08/21 11:39:11 [notice] 51#51: signal process started
2025/08/21 11:39:11 [notice] 1#1: signal 1 (SIGHUP) received from 51, reconfiguring
2025/08/21 11:39:11 [notice] 1#1: reconfiguring
2025/08/21 11:39:11 [warn] 1#1: the "listen ... http2" directive is deprecated, use the "http2" directive instead in /etc/nginx/conf.d/default.conf:35
2025/08/21 11:39:11 [notice] 1#1: using the "epoll" event method
2025/08/21 11:39:11 [notice] 1#1: start worker processes
2025/08/21 11:39:11 [notice] 1#1: start worker process 57
2025/08/21 11:39:11 [notice] 1#1: start worker process 58
2025/08/21 11:39:11 [notice] 1#1: start worker process 59
2025/08/21 11:39:11 [notice] 1#1: start worker process 60
2025/08/21 11:39:11 [notice] 29#29: gracefully shutting down
2025/08/21 11:39:11 [notice] 29#29: exiting
2025/08/21 11:39:11 [notice] 29#29: exit
2025/08/21 11:39:11 [notice] 30#30: gracefully shutting down
2025/08/21 11:39:11 [notice] 31#31: gracefully shutting down
2025/08/21 11:39:11 [notice] 30#30: exiting
2025/08/21 11:39:11 [notice] 32#32: gracefully shutting down
2025/08/21 11:39:11 [notice] 31#31: exiting
2025/08/21 11:39:11 [notice] 32#32: exiting
2025/08/21 11:39:11 [notice] 30#30: exit
2025/08/21 11:39:11 [notice] 32#32: exit
2025/08/21 11:39:11 [notice] 31#31: exit
2025/08/21 11:39:11 [notice] 1#1: signal 17 (SIGCHLD) received from 29
2025/08/21 11:39:11 [notice] 1#1: worker process 29 exited with code 0
2025/08/21 11:39:11 [notice] 1#1: signal 29 (SIGIO) received
2025/08/21 11:39:11 [notice] 1#1: signal 17 (SIGCHLD) received from 31
2025/08/21 11:39:11 [notice] 1#1: worker process 30 exited with code 0
2025/08/21 11:39:11 [notice] 1#1: worker process 31 exited with code 0
2025/08/21 11:39:11 [notice] 1#1: signal 29 (SIGIO) received
2025/08/21 11:39:11 [notice] 1#1: signal 17 (SIGCHLD) received from 32
2025/08/21 11:39:11 [notice] 1#1: worker process 32 exited with code 0
2025/08/21 11:39:11 [notice] 1#1: signal 29 (SIGIO) received
